2025-09-26 15:35:53,338 - WARNING - Bruger default konfiguration (aggressiv)
2025-09-26 15:35:53,366 - INFO - Duel Detection Server startet på port 8082
2025-09-26 15:35:53,669 - INFO - [Freezetime] Freezetime started.
2025-09-26 15:35:53,708 - INFO - [Freezetime] Pressed random hotkey: Q
2025-09-26 15:36:12,730 - INFO - Skiftede til spiller slot 1 (tast '1')
2025-09-26 15:36:17,860 - INFO - Skiftede til spiller slot 1 (tast '1')
2025-09-26 15:36:22,984 - INFO - Skiftede til spiller slot 1 (tast '1')
2025-09-26 15:36:28,109 - INFO - Skiftede til spiller slot 1 (tast '1')
2025-09-26 15:36:33,184 - INFO - Skiftede til spiller slot 1 (tast '1')
2025-09-26 15:36:38,458 - INFO - Skiftede til spiller slot 1 (tast '1')
2025-09-26 15:36:43,123 - INFO - [TRIGGER] Kill focus på K0NDR1X i 2.2s
2025-09-26 15:36:43,123 - INFO - [TRIGGER] Kill focus på zA1n i 2.2s
2025-09-26 15:36:43,123 - INFO - [TRIGGER] Kill focus på Eleganz i 2.2s
2025-09-26 15:36:43,123 - INFO - [TRIGGER] Kill focus på xrblad3 i 2.2s
2025-09-26 15:36:43,124 - INFO - [Freezetime] Freezetime ended.
2025-09-26 15:36:43,160 - INFO - Skiftede til spiller slot 10 (tast '0')
2025-09-26 15:36:44,618 - INFO - Skiftede til spiller slot 10 (tast '0')
2025-09-26 15:36:46,205 - INFO - [TRIGGER] Kill focus på _duality- i 2.2s
2025-09-26 15:36:46,241 - INFO - Skiftede til spiller slot 3 (tast '3')
2025-09-26 15:36:47,702 - INFO - Skiftede til spiller slot 3 (tast '3')
2025-09-26 15:36:52,867 - INFO - Skiftede til spiller slot 3 (tast '3')
2025-09-26 15:36:53,122 - INFO - [Freezetime] Freezetime started.
2025-09-26 15:36:53,158 - INFO - [Freezetime] Pressed random hotkey: W
2025-09-26 15:37:06,185 - INFO - [Freezetime] Freezetime ended.
2025-09-26 15:37:12,751 - INFO - Skiftede til spiller slot 1 (tast '1')
2025-09-26 15:37:14,004 - INFO - Skiftede til spiller slot 4 (tast '4')
2025-09-26 15:37:15,491 - INFO - Skiftede til spiller slot 1 (tast '1')
2025-09-26 15:37:16,975 - INFO - Skiftede til spiller slot 2 (tast '2')
2025-09-26 15:37:18,693 - INFO - Skiftede til spiller slot 3 (tast '3')
2025-09-26 15:37:20,139 - INFO - Skiftede til spiller slot 10 (tast '0')
2025-09-26 15:37:21,392 - INFO - Skiftede til spiller slot 1 (tast '1')
2025-09-26 15:37:23,360 - INFO - Skiftede til spiller slot 3 (tast '3')
2025-09-26 15:37:24,625 - INFO - Skiftede til spiller slot 5 (tast '5')
2025-09-26 15:37:25,379 - INFO - [TRIGGER] Damage: ergoJJ tog 45 dmg → fokus på K0NDR1X i 1.7s
2025-09-26 15:37:25,382 - INFO - [TRIGGER] Damage: xrblad3 tog 52 dmg → fokus på K0NDR1X i 1.7s
2025-09-26 15:37:25,891 - INFO - Skiftede til spiller slot 1 (tast '1')
2025-09-26 15:37:28,295 - INFO - Skiftede til spiller slot 3 (tast '3')
2025-09-26 15:37:30,979 - INFO - Skiftede til spiller slot 1 (tast '1')
2025-09-26 15:37:32,399 - INFO - Skiftede til spiller slot 2 (tast '2')
2025-09-26 15:37:33,857 - INFO - Skiftede til spiller slot 10 (tast '0')
2025-09-26 15:37:35,307 - INFO - Skiftede til spiller slot 7 (tast '7')
2025-09-26 15:37:36,743 - INFO - Skiftede til spiller slot 3 (tast '3')
2025-09-26 15:37:38,155 - INFO - Skiftede til spiller slot 8 (tast '8')
2025-09-26 15:37:39,557 - INFO - Skiftede til spiller slot 2 (tast '2')
2025-09-26 15:37:41,022 - INFO - Skiftede til spiller slot 3 (tast '3')
2025-09-26 15:37:42,440 - INFO - Skiftede til spiller slot 1 (tast '1')
2025-09-26 15:37:43,394 - INFO - [TRIGGER] Kill focus på zA1n i 2.2s
2025-09-26 15:37:43,910 - INFO - Skiftede til spiller slot 9 (tast '9')
2025-09-26 15:37:45,072 - INFO - [TRIGGER] Kill focus på _duality- i 2.2s
2025-09-26 15:37:45,333 - INFO - Skiftede til spiller slot 3 (tast '3')
2025-09-26 15:37:45,545 - INFO - [TRIGGER] Damage: RS7- tog 54 dmg → fokus på _duality- i 1.7s
2025-09-26 15:37:45,803 - INFO - [TRIGGER] Kill focus på RS7- i 2.2s
2025-09-26 15:37:46,592 - INFO - Skiftede til spiller slot 8 (tast '8')
2025-09-26 15:37:47,270 - INFO - [TRIGGER] Kill focus på hamruz i 2.2s
2025-09-26 15:37:47,729 - INFO - [TRIGGER] Kill focus på K0NDR1X i 2.2s
2025-09-26 15:37:48,008 - INFO - Skiftede til spiller slot 1 (tast '1')
2025-09-26 15:38:06,854 - WARNING - Bruger default konfiguration (aggressiv)
2025-09-26 15:38:06,871 - INFO - Duel Detection Server startet på port 8082
2025-09-26 15:38:07,326 - INFO - Skiftede til spiller slot 7 (tast '7')
2025-09-26 15:38:12,492 - INFO - Skiftede til spiller slot 7 (tast '7')
2025-09-26 15:38:12,723 - INFO - [Freezetime] Freezetime started.
2025-09-26 15:38:12,760 - INFO - [Freezetime] Pressed random hotkey: W
2025-09-26 15:39:04,652 - WARNING - Bruger default konfiguration (aggressiv)
2025-09-26 15:39:04,672 - INFO - Duel Detection Server startet på port 8082
2025-09-26 15:39:04,977 - INFO - Skiftede til spiller slot 6 (tast '6')
2025-09-26 15:39:06,648 - INFO - Skiftede til spiller slot 5 (tast '5')
2025-09-26 15:39:08,610 - INFO - Skiftede til spiller slot 9 (tast '9')
2025-09-26 15:39:10,027 - INFO - Skiftede til spiller slot 5 (tast '5')
2025-09-26 15:39:11,438 - INFO - Skiftede til spiller slot 9 (tast '9')
2025-09-26 15:39:12,832 - INFO - Skiftede til spiller slot 5 (tast '5')
2025-09-26 15:39:14,267 - INFO - Skiftede til spiller slot 9 (tast '9')
2025-09-26 15:39:15,442 - INFO - [TRIGGER] Kill focus på Eleganz i 2.2s
2025-09-26 15:39:15,731 - INFO - Skiftede til spiller slot 5 (tast '5')
2025-09-26 15:39:17,196 - INFO - Skiftede til spiller slot 5 (tast '5')
2025-09-26 15:39:20,691 - INFO - Skiftede til spiller slot 7 (tast '7')
2025-09-26 15:39:24,053 - INFO - Skiftede til spiller slot 5 (tast '5')
2025-09-26 15:39:25,290 - INFO - Skiftede til spiller slot 7 (tast '7')
2025-09-26 15:39:26,768 - INFO - Skiftede til spiller slot 5 (tast '5')
2025-09-26 15:40:27,447 - WARNING - Bruger default konfiguration (aggressiv)
2025-09-26 15:40:27,470 - INFO - Duel Detection Server startet på port 8082
2025-09-26 15:40:27,596 - INFO - Skiftede til spiller slot 10 (tast '0')
2025-09-26 15:40:28,338 - INFO - [TRIGGER] Damage: Inia tog 35 dmg → fokus på hamruz i 1.7s
2025-09-26 15:40:28,589 - INFO - [TRIGGER] Damage: Inia tog 35 dmg → fokus på hamruz i 1.7s
2025-09-26 15:40:29,052 - INFO - [TRIGGER] Kill focus på xrblad3 i 2.2s
2025-09-26 15:40:31,682 - INFO - Skiftede til spiller slot 7 (tast '7')
2025-09-26 15:40:33,678 - INFO - [TRIGGER] Damage: K0NDR1X tog 46 dmg → fokus på xrblad3 i 1.7s
2025-09-26 15:40:33,910 - INFO - [TRIGGER] Kill focus på xrblad3 i 2.2s
2025-09-26 15:40:35,905 - INFO - Skiftede til spiller slot 10 (tast '0')
2025-09-26 15:40:40,166 - INFO - Skiftede til spiller slot 9 (tast '9')
2025-09-26 15:40:44,271 - INFO - Skiftede til spiller slot 5 (tast '5')
2025-09-26 15:40:45,286 - INFO - [TRIGGER] Kill focus på ergoJJ i 2.2s
2025-09-26 15:40:48,461 - INFO - Skiftede til spiller slot 10 (tast '0')
2025-09-26 15:40:52,647 - INFO - Skiftede til spiller slot 9 (tast '9')
2025-09-26 15:40:56,695 - INFO - Skiftede til spiller slot 8 (tast '8')
2025-09-26 15:41:00,755 - INFO - Skiftede til spiller slot 9 (tast '9')
2025-09-26 15:41:00,982 - INFO - [TRIGGER] Damage: Reqless tog 50 dmg → fokus på ergoJJ i 1.7s
2025-09-26 15:41:01,457 - INFO - [TRIGGER] Kill focus på ergoJJ i 2.2s
2025-09-26 15:41:02,903 - INFO - [TRIGGER] Damage: ergoJJ tog 39 dmg → fokus på _duality- i 1.7s
2025-09-26 15:41:03,144 - INFO - [TRIGGER] Damage: _duality- tog 43 dmg → fokus på ergoJJ i 1.7s
2025-09-26 15:41:03,357 - INFO - [TRIGGER] Kill focus på _duality- i 2.2s
2025-09-26 15:41:04,797 - INFO - Skiftede til spiller slot 3 (tast '3')
2025-09-26 15:41:07,444 - INFO - [TRIGGER] Kill focus på _duality- i 2.2s
2025-09-26 15:41:07,932 - INFO - [TRIGGER] Kill focus på _duality- i 2.2s
2025-09-26 15:41:08,945 - INFO - Skiftede til spiller slot 3 (tast '3')
2025-09-26 15:41:14,086 - INFO - Skiftede til spiller slot 3 (tast '3')
2025-09-26 15:41:19,368 - INFO - Skiftede til spiller slot 3 (tast '3')
2025-09-26 15:41:24,423 - INFO - Skiftede til spiller slot 3 (tast '3')
2025-09-26 15:41:25,424 - INFO - [Freezetime] Freezetime started.
2025-09-26 15:41:25,461 - INFO - [Freezetime] Pressed random hotkey: W
2025-09-26 15:41:44,689 - INFO - Skiftede til spiller slot 1 (tast '1')
2025-09-26 15:41:45,407 - INFO - [Freezetime] Freezetime ended.
2025-09-26 15:41:49,948 - INFO - Skiftede til spiller slot 1 (tast '1')
2025-09-26 15:41:54,209 - INFO - Skiftede til spiller slot 5 (tast '5')
2025-09-26 15:41:58,384 - INFO - Skiftede til spiller slot 7 (tast '7')
2025-09-26 15:41:59,339 - INFO - [TRIGGER] Damage: hamruz tog 40 dmg → fokus på Inia i 1.7s
2025-09-26 15:41:59,604 - INFO - [TRIGGER] Damage: hamruz tog 40 dmg → fokus på Inia i 1.7s
2025-09-26 15:41:59,826 - INFO - [TRIGGER] Kill focus på Inia i 2.2s
2025-09-26 15:42:02,328 - INFO - [TRIGGER] Kill focus på _duality- i 2.2s
2025-09-26 15:42:02,594 - INFO - Skiftede til spiller slot 3 (tast '3')
2025-09-26 15:42:03,086 - INFO - [TRIGGER] Kill focus på RS7- i 2.2s
2025-09-26 15:42:06,768 - INFO - Skiftede til spiller slot 2 (tast '2')
2025-09-26 15:42:10,875 - INFO - Skiftede til spiller slot 9 (tast '9')
2025-09-26 15:42:12,564 - INFO - [TRIGGER] Kill focus på _duality- i 2.2s
2025-09-26 15:42:14,935 - INFO - Skiftede til spiller slot 8 (tast '8')
2025-09-26 15:42:19,599 - INFO - Skiftede til spiller slot 2 (tast '2')
2025-09-26 15:42:23,682 - INFO - Skiftede til spiller slot 8 (tast '8')
2025-09-26 15:42:24,151 - INFO - [TRIGGER] Kill focus på ergoJJ i 2.2s
2025-09-26 15:42:24,608 - INFO - [TRIGGER] Kill focus på RS7- i 2.2s
2025-09-26 15:42:24,608 - INFO - [TRIGGER] Damage: RS7- tog 50 dmg → fokus på Reqless i 1.7s
2025-09-26 15:42:27,727 - INFO - Skiftede til spiller slot 5 (tast '5')
2025-09-26 15:42:30,536 - INFO - [TRIGGER] Kill focus på Eleganz i 2.2s
2025-09-26 15:42:31,793 - INFO - Skiftede til spiller slot 5 (tast '5')
2025-09-26 15:42:32,486 - INFO - [TRIGGER] Kill focus på Eleganz i 2.2s
2025-09-26 15:42:36,992 - INFO - Skiftede til spiller slot 3 (tast '3')
2025-09-26 15:42:39,488 - INFO - [Freezetime] Freezetime started.
2025-09-26 15:42:39,524 - INFO - [Freezetime] Pressed random hotkey: P
2025-09-26 15:42:58,593 - INFO - Skiftede til spiller slot 1 (tast '1')
2025-09-26 15:42:59,550 - INFO - [Freezetime] Freezetime ended.
2025-09-26 15:43:03,752 - INFO - Skiftede til spiller slot 1 (tast '1')
2025-09-26 15:43:08,797 - INFO - Skiftede til spiller slot 4 (tast '4')
2025-09-26 15:43:12,972 - INFO - Skiftede til spiller slot 3 (tast '3')
2025-09-26 15:43:14,128 - INFO - [TRIGGER] Damage: xrblad3 tog 56 dmg → fokus på Inia i 1.7s
2025-09-26 15:43:14,374 - INFO - [TRIGGER] Kill focus på zA1n i 2.2s
2025-09-26 15:43:17,137 - INFO - Skiftede til spiller slot 1 (tast '1')
2025-09-26 15:43:18,118 - INFO - [TRIGGER] Damage: _duality- tog 85 dmg → fokus på xrblad3 i 1.7s
2025-09-26 15:43:20,575 - INFO - [TRIGGER] Kill focus på xrblad3 i 2.2s
2025-09-26 15:43:21,319 - INFO - Skiftede til spiller slot 10 (tast '0')
2025-09-26 15:43:25,437 - INFO - Skiftede til spiller slot 5 (tast '5')
2025-09-26 15:43:26,615 - INFO - [TRIGGER] Kill focus på K0NDR1X i 2.2s
2025-09-26 15:43:29,515 - INFO - Skiftede til spiller slot 1 (tast '1')
2025-09-26 15:43:32,628 - INFO - [TRIGGER] Kill focus på ergoJJ i 2.2s
2025-09-26 15:43:32,628 - INFO - [TRIGGER] Kill focus på zA1n i 2.2s
2025-09-26 15:43:33,610 - INFO - [TRIGGER] Kill focus på Eleganz i 2.2s
2025-09-26 15:43:33,647 - INFO - Skiftede til spiller slot 5 (tast '5')
2025-09-26 15:44:52,391 - WARNING - Bruger default konfiguration (aggressiv)
2025-09-26 15:44:52,408 - INFO - Duel Detection Server startet på port 8082
2025-09-26 15:44:52,707 - INFO - [Freezetime] Freezetime started.
2025-09-26 15:44:52,743 - INFO - [Freezetime] Pressed random hotkey: Q
2025-09-26 15:44:57,739 - INFO - [Freezetime] Freezetime ended.
2025-09-26 15:45:11,966 - INFO - Skiftede til spiller slot 4 (tast '4')
2025-09-26 15:45:12,448 - INFO - [TRIGGER] Damage: xrblad3 tog 56 dmg → fokus på Inia i 1.7s
2025-09-26 15:45:12,902 - INFO - [TRIGGER] Kill focus på zA1n i 2.2s
2025-09-26 15:45:16,323 - INFO - Skiftede til spiller slot 3 (tast '3')
2025-09-26 15:45:16,560 - INFO - [TRIGGER] Damage: _duality- tog 85 dmg → fokus på xrblad3 i 1.7s
2025-09-26 15:45:19,006 - INFO - [TRIGGER] Kill focus på xrblad3 i 2.2s
2025-09-26 15:45:20,440 - INFO - Skiftede til spiller slot 10 (tast '0')
2025-09-26 15:45:24,825 - INFO - [TRIGGER] Kill focus på K0NDR1X i 2.2s
2025-09-26 15:45:24,861 - INFO - Skiftede til spiller slot 1 (tast '1')
2025-09-26 15:45:28,962 - INFO - Skiftede til spiller slot 5 (tast '5')
2025-09-26 15:45:31,060 - INFO - [TRIGGER] Kill focus på ergoJJ i 2.2s
2025-09-26 15:45:31,061 - INFO - [TRIGGER] Kill focus på zA1n i 2.2s
2025-09-26 15:45:32,005 - INFO - [TRIGGER] Kill focus på Eleganz i 2.2s
2025-09-26 15:45:33,175 - INFO - Skiftede til spiller slot 5 (tast '5')
2025-09-26 15:45:39,442 - INFO - [TRIGGER] Kill focus på Eleganz i 2.2s
2025-09-26 15:45:39,478 - INFO - Skiftede til spiller slot 5 (tast '5')
2025-09-26 15:45:41,444 - INFO - [TRIGGER] Damage: hamruz tog 65 dmg → fokus på Eleganz i 1.7s
2025-09-26 15:45:41,655 - INFO - [TRIGGER] Kill focus på Eleganz i 2.2s
2025-09-26 15:45:42,943 - INFO - Skiftede til spiller slot 5 (tast '5')
2025-09-26 15:45:44,126 - INFO - [TRIGGER] Kill focus på zA1n i 2.2s
2025-09-26 15:45:46,185 - INFO - Skiftede til spiller slot 9 (tast '9')
2025-09-26 15:45:51,273 - INFO - [Freezetime] Freezetime started.
2025-09-26 15:45:51,309 - INFO - [Freezetime] Pressed random hotkey: U
2025-09-26 15:46:10,373 - INFO - Skiftede til spiller slot 1 (tast '1')
2025-09-26 15:46:30,761 - INFO - Skiftede til spiller slot 1 (tast '1')
2025-09-26 15:47:04,734 - INFO - Skiftede til spiller slot 1 (tast '1')
2025-09-26 15:47:14,829 - INFO - Skiftede til spiller slot 1 (tast '1')
2025-09-26 15:47:15,496 - INFO - [Freezetime] Freezetime ended.
2025-09-26 15:47:19,877 - INFO - Skiftede til spiller slot 1 (tast '1')
2025-09-26 15:47:25,038 - INFO - Skiftede til spiller slot 1 (tast '1')
2025-09-26 15:47:30,098 - INFO - Skiftede til spiller slot 1 (tast '1')
2025-09-26 15:49:28,886 - WARNING - Bruger default konfiguration (aggressiv)
2025-09-26 15:49:28,903 - INFO - Duel Detection Server startet på port 8082
2025-09-26 15:49:29,380 - INFO - Skiftede til spiller slot 5 (tast '5')
2025-09-26 15:49:32,205 - INFO - [TRIGGER] Damage: xrblad3 tog 56 dmg → fokus på Inia i 1.7s
2025-09-26 15:49:32,434 - INFO - [TRIGGER] Kill focus på zA1n i 2.2s
2025-09-26 15:49:33,457 - INFO - Skiftede til spiller slot 9 (tast '9')
2025-09-26 15:49:36,270 - INFO - [TRIGGER] Damage: _duality- tog 85 dmg → fokus på xrblad3 i 1.7s
2025-09-26 15:49:37,711 - INFO - Skiftede til spiller slot 10 (tast '0')
2025-09-26 15:49:38,603 - INFO - [TRIGGER] Kill focus på xrblad3 i 2.2s
2025-09-26 15:49:42,033 - INFO - Skiftede til spiller slot 5 (tast '5')
2025-09-26 15:49:44,509 - INFO - [TRIGGER] Kill focus på K0NDR1X i 2.2s
2025-09-26 15:49:46,143 - INFO - Skiftede til spiller slot 1 (tast '1')
2025-09-26 15:49:50,181 - INFO - Skiftede til spiller slot 5 (tast '5')
2025-09-26 15:49:50,636 - INFO - [TRIGGER] Kill focus på ergoJJ i 2.2s
2025-09-26 15:49:50,636 - INFO - [TRIGGER] Kill focus på zA1n i 2.2s
2025-09-26 15:49:51,539 - INFO - [TRIGGER] Kill focus på Eleganz i 2.2s
2025-09-26 15:49:58,984 - INFO - [TRIGGER] Kill focus på Eleganz i 2.2s
2025-09-26 15:49:59,020 - INFO - Skiftede til spiller slot 5 (tast '5')
2025-09-26 15:50:01,123 - INFO - [TRIGGER] Damage: hamruz tog 65 dmg → fokus på Eleganz i 1.7s
2025-09-26 15:50:01,396 - INFO - [TRIGGER] Kill focus på Eleganz i 2.2s
2025-09-26 15:50:02,385 - INFO - Skiftede til spiller slot 5 (tast '5')
2025-09-26 15:50:03,806 - INFO - [TRIGGER] Kill focus på zA1n i 2.2s
2025-09-26 15:50:05,661 - INFO - Skiftede til spiller slot 9 (tast '9')
2025-09-26 15:50:10,705 - INFO - [Freezetime] Freezetime started.
2025-09-26 15:50:10,742 - INFO - [Freezetime] Pressed random hotkey: U
2025-09-26 15:50:29,817 - INFO - Skiftede til spiller slot 1 (tast '1')
2025-09-26 15:50:30,703 - INFO - [Freezetime] Freezetime ended.
2025-09-26 15:50:34,908 - INFO - Skiftede til spiller slot 1 (tast '1')
2025-09-26 15:50:40,129 - INFO - Skiftede til spiller slot 1 (tast '1')
